<?xml version="1.0" encoding="UTF-8"?>
<!-- Generated by org.testng.reporters.JUnitReportReporter -->
<testsuite hostname="DESKTOP-64I2TDN" failures="0" tests="4" name="com.inetBanking.testCases.TC_Login_DDT_002" time="20.544" errors="0" timestamp="2024-03-29T20:21:24 IST" skipped="0">
  <testcase classname="com.inetBanking.testCases.TC_Login_DDT_002" name="login" time="4.682"/>
  <system-out/>
  <testcase classname="com.inetBanking.testCases.TC_Login_DDT_002" name="login" time="4.124"/>
  <system-out/>
  <testcase classname="com.inetBanking.testCases.TC_Login_DDT_002" name="login" time="3.323"/>
  <system-out/>
  <testcase classname="com.inetBanking.testCases.TC_Login_DDT_002" name="login" time="8.415"/>
  <system-out/>
</testsuite> <!-- com.inetBanking.testCases.TC_Login_DDT_002 -->
