<?xml version="1.0" encoding="UTF-8"?>
<!-- Generated by org.testng.reporters.JUnitReportReporter -->
<testsuite hostname="DESKTOP-64I2TDN" failures="0" tests="1" name="com.inetBanking.testCases.TC_Login_001" time="3.737" errors="0" timestamp="2024-03-29T20:21:24 IST" skipped="0">
  <testcase classname="com.inetBanking.testCases.TC_Login_001" name="loginTest" time="3.737"/>
  <system-out/>
</testsuite> <!-- com.inetBanking.testCases.TC_Login_001 -->
