<?xml version="1.0" encoding="UTF-8"?>
<!-- Generated by org.testng.reporters.JUnitReportReporter -->
<testsuite hostname="DESKTOP-64I2TDN" failures="0" tests="1" name="com.inetBanking.testCases.TC_AddNewCustomer_003" time="20.696" errors="0" timestamp="2024-03-29T21:27:44 IST" skipped="0">
  <testcase classname="com.inetBanking.testCases.TC_AddNewCustomer_003" name="testNewCustomer" time="20.696"/>
  <system-out/>
</testsuite> <!-- com.inetBanking.testCases.TC_AddNewCustomer_003 -->
