<?xml version="1.0" encoding="UTF-8"?>
<!-- Generated by org.testng.reporters.JUnitReportReporter -->
<testsuite hostname="DESKTOP-64I2TDN" failures="0" tests="1" name="com.inetBanking.testCases.TC_AddNewCustomer_003" time="26.833" errors="0" timestamp="2024-03-30T13:54:24 IST" skipped="0">
  <testcase classname="com.inetBanking.testCases.TC_AddNewCustomer_003" name="testNewCustomer" time="26.833"/>
  <system-out/>
</testsuite> <!-- com.inetBanking.testCases.TC_AddNewCustomer_003 -->
