<?xml version="1.0" encoding="UTF-8"?>
<!-- Generated by org.testng.reporters.JUnitReportReporter -->
<testsuite hostname="DESKTOP-64I2TDN" failures="0" tests="4" name="com.inetBanking.testCases.TC_Login_DDT_002" time="36.341" errors="0" timestamp="2024-03-30T13:54:24 IST" skipped="0">
  <testcase classname="com.inetBanking.testCases.TC_Login_DDT_002" name="login" time="9.912"/>
  <system-out/>
  <testcase classname="com.inetBanking.testCases.TC_Login_DDT_002" name="login" time="3.347"/>
  <system-out/>
  <testcase classname="com.inetBanking.testCases.TC_Login_DDT_002" name="login" time="5.633"/>
  <system-out/>
  <testcase classname="com.inetBanking.testCases.TC_Login_DDT_002" name="login" time="17.449"/>
  <system-out/>
</testsuite> <!-- com.inetBanking.testCases.TC_Login_DDT_002 -->
